<?xml version="1.0" encoding="UTF-8"?>
<!-- Generated by org.testng.reporters.JUnitReportReporter -->
<testsuite hostname="MadanPC" name="E2E.HomePageTestCase" tests="2" failures="0" timestamp="1 Feb 2020 16:54:05 GMT" time="16.388" errors="0">
  <testcase name="homePageNavigation" time="12.518" classname="E2E.HomePageTestCase"/>
  <testcase name="homePageNavigation" time="3.870" classname="E2E.HomePageTestCase"/>
</testsuite> <!-- E2E.HomePageTestCase -->
