<?xml version="1.0" encoding="UTF-8"?>
<!-- Generated by org.testng.reporters.JUnitReportReporter -->
<testsuite hostname="MadanPC" name="E2E.HomePage" tests="2" failures="0" timestamp="31 Jan 2020 00:12:52 GMT" time="32.448" errors="0">
  <testcase name="homePageNavigation" time="14.571" classname="E2E.HomePage"/>
  <testcase name="homePageNavigation" time="17.877" classname="E2E.HomePage"/>
</testsuite> <!-- E2E.HomePage -->
