<?xml version="1.0" encoding="UTF-8"?>
<!-- Generated by org.testng.reporters.JUnitReportReporter -->
<testsuite hostname="MadanPC" name="E2E.HomePageTestCase" tests="2" failures="0" timestamp="1 Feb 2020 15:30:33 GMT" time="13.664" errors="0">
  <testcase name="homePageNavigation" time="4.281" classname="E2E.HomePageTestCase"/>
  <testcase name="homePageNavigation" time="9.383" classname="E2E.HomePageTestCase"/>
</testsuite> <!-- E2E.HomePageTestCase -->
