<?xml version="1.0" encoding="UTF-8"?>
<!-- Generated by org.testng.reporters.JUnitReportReporter -->
<testsuite hostname="MadanPC" name="E2E.ValidateNavbar" tests="1" failures="0" timestamp="1 Feb 2020 15:08:40 GMT" time="0.140" errors="0">
  <testcase name="homePageNavigation" time="0.140" classname="E2E.ValidateNavbar"/>
</testsuite> <!-- E2E.ValidateNavbar -->
